<?xml version="1.0" encoding="UTF-8"?>
<!-- Generated by org.testng.reporters.JUnitXMLReporter -->
<testsuite ignored="0" hostname="DESKTOP-JER5TCF" failures="1" tests="1" name="Test" time="17.484" errors="0" timestamp="2022-07-14T06:17:49 IST">
  <testcase classname="com.ohrms.testcases.LoginTest" name="verifyuserwithcorrectcredentials" time="2.364">
    <failure type="junit.framework.ComparisonFailure" message="expected:&amp;lt;Orange[]HRM&amp;gt; but was:&amp;lt;Orange[ ]HRM&amp;gt;">
      <![CDATA[junit.framework.ComparisonFailure: expected:<Orange[]HRM> but was:<Orange[ ]HRM>
at junit.framework.Assert.assertEquals(Assert.java:100)
at junit.framework.Assert.assertEquals(Assert.java:107)
at com.ohrms.testcases.LoginTest.verifyuserwithcorrectcredentials(LoginTest.java:21)
at java.base/java.util.ArrayList.forEach(ArrayList.java:1511)
... Removed 27 stack frames]]>
    </failure>
  </testcase> <!-- verifyuserwithcorrectcredentials -->
</testsuite> <!-- Test -->
