<?xml version="1.0" encoding="UTF-8"?>
<testng-results ignored="0" total="1" passed="0" failed="1" skipped="0">
  <reporter-output>
  </reporter-output>
  <suite started-at="2022-07-14T06:17:31 IST" name="Suite" finished-at="2022-07-14T06:17:49 IST" duration-ms="17484">
    <groups>
    </groups>
    <test started-at="2022-07-14T06:17:31 IST" name="Test" finished-at="2022-07-14T06:17:49 IST" duration-ms="17484">
      <class name="com.ohrms.testcases.LoginTest">
        <test-method is-config="true" signature="presetup()[pri:0, instance:com.ohrms.testcases.LoginTest@60099951]" started-at="2022-07-14T06:17:31 IST" name="presetup" finished-at="2022-07-14T06:17:31 IST" duration-ms="300" status="PASS">
          <reporter-output>
          </reporter-output>
        </test-method> <!-- presetup -->
        <test-method is-config="true" signature="setup()[pri:0, instance:com.ohrms.testcases.LoginTest@60099951]" started-at="2022-07-14T06:17:32 IST" name="setup" finished-at="2022-07-14T06:17:46 IST" duration-ms="14336" status="PASS">
          <reporter-output>
          </reporter-output>
        </test-method> <!-- setup -->
        <test-method signature="verifyuserwithcorrectcredentials(java.lang.String,java.lang.String)[pri:0, instance:com.ohrms.testcases.LoginTest@60099951]" started-at="2022-07-14T06:17:46 IST" name="verifyuserwithcorrectcredentials" finished-at="2022-07-14T06:17:48 IST" duration-ms="2364" status="FAIL">
          <params>
            <param index="0">
              <value>
                <![CDATA[Admin]]>
              </value>
            </param>
            <param index="1">
              <value>
                <![CDATA[admin123]]>
              </value>
            </param>
          </params>
          <exception class="junit.framework.ComparisonFailure">
            <message>
              <![CDATA[expected:<Orange[]HRM> but was:<Orange[ ]HRM>]]>
            </message>
            <full-stacktrace>
              <![CDATA[junit.framework.ComparisonFailure: expected:<Orange[]HRM> but was:<Orange[ ]HRM>
at junit.framework.Assert.assertEquals(Assert.java:100)
at junit.framework.Assert.assertEquals(Assert.java:107)
at com.ohrms.testcases.LoginTest.verifyuserwithcorrectcredentials(LoginTest.java:21)
at java.base/jdk.internal.reflect.NativeMethodAccessorImpl.invoke0(Native Method)
at java.base/jdk.internal.reflect.NativeMethodAccessorImpl.invoke(NativeMethodAccessorImpl.java:77)
at java.base/jdk.internal.reflect.DelegatingMethodAccessorImpl.invoke(DelegatingMethodAccessorImpl.java:43)
at java.base/java.lang.reflect.Method.invoke(Method.java:568)
at org.testng.internal.invokers.MethodInvocationHelper.invokeMethod(MethodInvocationHelper.java:139)
at org.testng.internal.invokers.TestInvoker.invokeMethod(TestInvoker.java:677)
at org.testng.internal.invokers.TestInvoker.invokeTestMethod(TestInvoker.java:221)
at org.testng.internal.invokers.MethodRunner.runInSequence(MethodRunner.java:50)
at org.testng.internal.invokers.TestInvoker$MethodInvocationAgent.invoke(TestInvoker.java:962)
at org.testng.internal.invokers.TestInvoker.invokeTestMethods(TestInvoker.java:194)
at org.testng.internal.invokers.TestMethodWorker.invokeTestMethods(TestMethodWorker.java:148)
at org.testng.internal.invokers.TestMethodWorker.run(TestMethodWorker.java:128)
at java.base/java.util.ArrayList.forEach(ArrayList.java:1511)
at org.testng.TestRunner.privateRun(TestRunner.java:806)
at org.testng.TestRunner.run(TestRunner.java:601)
at org.testng.SuiteRunner.runTest(SuiteRunner.java:433)
at org.testng.SuiteRunner.runSequentially(SuiteRunner.java:427)
at org.testng.SuiteRunner.privateRun(SuiteRunner.java:387)
at org.testng.SuiteRunner.run(SuiteRunner.java:330)
at org.testng.SuiteRunnerWorker.runSuite(SuiteRunnerWorker.java:52)
at org.testng.SuiteRunnerWorker.run(SuiteRunnerWorker.java:95)
at org.testng.TestNG.runSuitesSequentially(TestNG.java:1256)
at org.testng.TestNG.runSuitesLocally(TestNG.java:1176)
at org.testng.TestNG.runSuites(TestNG.java:1099)
at org.testng.TestNG.run(TestNG.java:1067)
at org.testng.remote.AbstractRemoteTestNG.run(AbstractRemoteTestNG.java:115)
at org.testng.remote.RemoteTestNG.initAndRun(RemoteTestNG.java:251)
at org.testng.remote.RemoteTestNG.main(RemoteTestNG.java:77)
]]>
            </full-stacktrace>
          </exception> <!-- junit.framework.ComparisonFailure -->
          <reporter-output>
          </reporter-output>
        </test-method> <!-- verifyuserwithcorrectcredentials -->
        <test-method is-config="true" signature="posttestaction(org.testng.ITestResult)[pri:0, instance:com.ohrms.testcases.LoginTest@60099951]" started-at="2022-07-14T06:17:48 IST" name="posttestaction" finished-at="2022-07-14T06:17:49 IST" duration-ms="224" status="PASS">
          <params>
            <param index="0">
              <value>
                <![CDATA[[TestResult name=verifyuserwithcorrectcredentials status=FAILURE method=LoginTest.verifyuserwithcorrectcredentials(java.lang.String,java.lang.String)[pri:0, instance:com.ohrms.testcases.LoginTest@60099951] output={null}]]]>
              </value>
            </param>
          </params>
          <reporter-output>
          </reporter-output>
        </test-method> <!-- posttestaction -->
        <test-method is-config="true" signature="teardown()[pri:0, instance:com.ohrms.testcases.LoginTest@60099951]" started-at="2022-07-14T06:17:49 IST" name="teardown" finished-at="2022-07-14T06:17:49 IST" duration-ms="457" status="PASS">
          <reporter-output>
          </reporter-output>
        </test-method> <!-- teardown -->
        <test-method is-config="true" signature="postteardown()[pri:0, instance:com.ohrms.testcases.LoginTest@60099951]" started-at="2022-07-14T06:17:49 IST" name="postteardown" finished-at="2022-07-14T06:17:49 IST" duration-ms="422" status="PASS">
          <reporter-output>
          </reporter-output>
        </test-method> <!-- postteardown -->
      </class> <!-- com.ohrms.testcases.LoginTest -->
    </test> <!-- Test -->
  </suite> <!-- Suite -->
</testng-results>
